<?xml version="1.0" encoding="UTF-8"?>
<!-- Generated by org.testng.reporters.JUnitReportReporter -->
<testsuite hostname="DESKTOP-E8Q152A" failures="0" tests="2" name="TestClass.Tovarifyamazon" time="31.357" errors="0" timestamp="2021-11-20T15:13:02 IST" skipped="0">
  <testcase classname="TestClass.Tovarifyamazon" name="verifyloginpage" time="20.899"/>
  <system-out/>
  <testcase classname="TestClass.Tovarifyamazon" name="verifyloginpage" time="10.458"/>
  <system-out/>
</testsuite> <!-- TestClass.Tovarifyamazon -->
